11/11/2023 10:11:25 PM: INFO: **** Opening Application ****
11/11/2023 10:11:47 PM: INFO: **** Starting Application HomePage testing (TestHomePage001)
11/11/2023 10:11:47 PM: INFO: **** We are in Application Homepage ****
11/11/2023 10:11:06 PM: INFO: **** This is the ending of ticket reservation homepage testing (TestHomePage001) 
11/12/2023 06:11:14 AM: INFO: **** Opening Application ****
11/12/2023 06:11:21 AM: INFO: **** Starting Application HomePage testing (TestHomePage001)
11/12/2023 06:11:21 AM: INFO: **** We are in Application Homepage ****
11/12/2023 06:11:41 AM: INFO: **** This is the ending of ticket reservation homepage testing (TestHomePage001) 
11/12/2023 06:11:21 AM: INFO: **** Opening Application ****
11/12/2023 06:11:28 AM: INFO: **** Starting Application HomePage testing (TestHomePage001)
11/12/2023 06:11:28 AM: INFO: **** We are in Application Homepage ****
11/12/2023 06:11:37 AM: INFO: **** This is the ending of ticket reservation homepage testing (TestHomePage001)
11/12/2023 06:11:53 AM: INFO: **** Opening Application ****
11/12/2023 06:11:00 AM: INFO: **** Starting Application HomePage testing (TestHomePage001)
11/12/2023 06:11:00 AM: INFO: **** We are in Application Homepage ****
11/12/2023 06:11:04 AM: INFO: **** This is the ending of ticket reservation homepage testing (TestHomePage001)
11/12/2023 07:11:27 AM: INFO: ****   Filling information field  ****
11/12/2023 07:11:17 AM: INFO: ****   Filling information field  ****
11/12/2023 07:11:07 AM: INFO: ****   Filling information field  ****
11/12/2023 07:11:28 AM: INFO: ****   Filling information field  ****
11/12/2023 07:11:07 AM: INFO: ****   Filling information field  ****
11/12/2023 07:11:55 AM: INFO: ****   Filling information field  ****
11/12/2023 07:11:27 AM: INFO: ****   Filling information field  ****
11/12/2023 07:11:10 AM: INFO: ****   Filling information field  ****
11/12/2023 07:11:00 AM: INFO: ****   Selecting gender  ****
11/12/2023 07:11:05 AM: INFO: ****   Selecting gender  ****
11/12/2023 07:11:22 AM: INFO: ****   Selecting gender  ****
11/12/2023 07:11:31 AM: INFO: ****   Selecting gender  ****
11/12/2023 05:11:44 PM: INFO: ****   Selecting gender  ****
11/12/2023 05:11:28 PM: INFO: ****   Selecting gender  ****
11/12/2023 05:11:51 PM: INFO: ****   Selecting gender  ****
11/12/2023 05:11:05 PM: INFO: ****   Selecting Country  ****
11/12/2023 05:11:14 PM: INFO: ****   Selecting Colors  ****
11/12/2023 06:11:47 PM: INFO: ****   Selecting dates  ****
11/13/2023 11:11:38 AM: INFO: ****   Finding Broken Links in Page  ****
11/13/2023 11:11:00 AM: INFO: ****   Finding Broken Links in Page  ****
11/13/2023 11:11:00 AM: INFO: ****   Finding Broken Links in Page  ****
11/13/2023 12:11:01 PM: INFO: **** Searching in Wilipedia ****
